<?xml version="1.0" encoding="UTF-8"?>
<!-- Generated by org.testng.reporters.JUnitReportReporter -->
<testsuite skipped="0" hostname="LAPTOP-ISVREVT8" name="co.in.bymat.projectName.moduleName.LoginToMyStore" tests="3" failures="0" timestamp="2021-08-14T14:56:48 IST" time="54.740" errors="0">
  <testcase name="loginToMyStore" time="18.140" classname="co.in.bymat.projectName.moduleName.LoginToMyStore"/>
  <system-out/>
  <testcase name="loginToMyStore" time="19.257" classname="co.in.bymat.projectName.moduleName.LoginToMyStore"/>
  <system-out/>
  <testcase name="loginToMyStore" time="17.343" classname="co.in.bymat.projectName.moduleName.LoginToMyStore"/>
  <system-out/>
</testsuite> <!-- co.in.bymat.projectName.moduleName.LoginToMyStore -->
