<?xml version="1.0" encoding="UTF-8"?>
<!-- Generated by org.testng.reporters.JUnitReportReporter -->
<testsuite skipped="0" hostname="LAPTOP-ISVREVT8" name="co.in.bymat.projectName.moduleName.testCases.LoginToMyStore5" tests="1" failures="0" timestamp="2021-08-15T22:11:48 IST" time="17.348" errors="0">
  <testcase name="loginToMyStore" time="17.348" classname="co.in.bymat.projectName.moduleName.testCases.LoginToMyStore5"/>
  <system-out/>
</testsuite> <!-- co.in.bymat.projectName.moduleName.testCases.LoginToMyStore5 -->
